This is pdfTeX, Version 3.141592653-2.6-1.40.24 (MiKTeX 22.1) (preloaded format=latex 2022.3.3)  3 MAR 2022 10:52
entering extended mode
 restricted \write18 enabled.
 Source specials enabled.
 %&-line parsing enabled.
**"./SCUBA Training.tex"
(SCUBA Training.tex
LaTeX2e <2021-11-15> patch level 1
L3 programming layer <2022-02-21>
(C:/Custom Program Files/LaTeX\TeX/LaTeX\lebook.cls
Document Class: lebook 2004/04/28 v1.0\ Lance A. Endres
(F:\Program Files\MiKTeX 2.9\tex/latex/base\book.cls
Document Class: book 2021/10/04 v1.4n Standard LaTeX document class
(F:\Program Files\MiKTeX 2.9\tex/latex/base\bk12.clo
File: bk12.clo 2021/10/04 v1.4n Standard LaTeX file (size option)
)
\c@part=\count185
\c@chapter=\count186
\c@section=\count187
\c@subsection=\count188
\c@subsubsection=\count189
\c@paragraph=\count190
\c@subparagraph=\count191
\c@figure=\count192
\c@table=\count193
\abovecaptionskip=\skip47
\belowcaptionskip=\skip48
\bibindent=\dimen138
)
(C:/Custom Program Files/LaTeX\TeX/LaTeX\lesections.sty
Package: lesections 2006/05/09 Provides commands changing how the section headi
ngs are formatted.

(C:/Custom Program Files/LaTeX\TeX/LaTeX\lefonts.sty
Package: lefonts 2005/10/30 Provides easy access to true type fonts. This file 
is for using built in fonts (just providing commands for them). See "legenerate
dfonts.sty" for fonts that were generated manually for LaTeX.

(C:/Custom Program Files/LaTeX\TeX/LaTeX\legeneratedfonts.sty
Package: legeneratedfonts 2005/10/30 Provides easy access to true type fonts th
at were generated. They have to be present and installed to use. See "Read Me.t
xt" in "LaTeX" directory in "Custom Program Files" folder for information on in
stallation. See also, "lefonts.sty."
)
(C:\Users\Lance\AppData\Roaming\MiKTeX\2.9\tex/latex/psnfss\helvet.sty
Package: helvet 2020/03/25 PSNFSS-v9.3 (WaS) 

(F:\Program Files\MiKTeX 2.9\tex/latex/graphics\keyval.sty
Package: keyval 2014/10/28 v1.15 key=value parser (DPC)
\KV@toks@=\toks16
)))
\chapterstyleblofskip=\skip49

(F:\Program Files\MiKTeX 2.9\tex/latex/base\ifthen.sty
Package: ifthen 2020/11/24 v1.1c Standard LaTeX ifthen package (DPC)
))
(C:\Users\Lance\AppData\Roaming\MiKTeX\2.9\tex/latex/tools\calc.sty
Package: calc 2017/05/25 v4.3 Infix arithmetic (KKT,FJ)
\calc@Acount=\count194
\calc@Bcount=\count195
\calc@Adimen=\dimen139
\calc@Bdimen=\dimen140
\calc@Askip=\skip50
\calc@Bskip=\skip51
LaTeX Info: Redefining \setlength on input line 80.
LaTeX Info: Redefining \addtolength on input line 81.
\calc@Ccount=\count196
\calc@Cskip=\skip52
)
(C:/Custom Program Files/LaTeX\TeX/LaTeX\lefontsizes.sty
Package: lefontsizes 2006/06/25 Font Size Package
)
(C:/Custom Program Files/LaTeX\TeX/LaTeX\lecaptions.sty
Package: lecaptions 2006/08/16 Provides caption names.
)
(C:/Custom Program Files/LaTeX\TeX/LaTeX\lepageformat.sty
Package: lepageformat 2006/08/16 Setup page size/margins/et cetera.
\pageheight=\skip53
\bottommargin=\skip54
\footmargin=\skip55
)
(C:/Custom Program Files/LaTeX\TeX/LaTeX\lefloats.sty
Package: lefloats 2006/05/09 Provides commands to modify how floats are display
ed.
)
(C:/Custom Program Files/LaTeX\TeX/LaTeX\lecontentsindexbibformat.sty
Package: lecontentsindexbibformat 2006/08/16 Provides additional formatting for
 the table of contents, bibliography, list of figures, list of tables, list of 
notations, glossary, index, and captions.

(C:\Users\Lance\AppData\Roaming\MiKTeX\2.9\tex/latex/tocloft\tocloft.sty
Package: tocloft 2017/08/31 v2.3i parameterised ToC, etc., typesetting
Package tocloft Info: The document has chapter divisions on input line 51.
\cftparskip=\skip56
\cftbeforetoctitleskip=\skip57
\cftaftertoctitleskip=\skip58
\cftbeforepartskip=\skip59
\cftpartnumwidth=\skip60
\cftpartindent=\skip61
\cftbeforechapskip=\skip62
\cftchapindent=\skip63
\cftchapnumwidth=\skip64
\cftbeforesecskip=\skip65
\cftsecindent=\skip66
\cftsecnumwidth=\skip67
\cftbeforesubsecskip=\skip68
\cftsubsecindent=\skip69
\cftsubsecnumwidth=\skip70
\cftbeforesubsubsecskip=\skip71
\cftsubsubsecindent=\skip72
\cftsubsubsecnumwidth=\skip73
\cftbeforeparaskip=\skip74
\cftparaindent=\skip75
\cftparanumwidth=\skip76
\cftbeforesubparaskip=\skip77
\cftsubparaindent=\skip78
\cftsubparanumwidth=\skip79
\cftbeforeloftitleskip=\skip80
\cftafterloftitleskip=\skip81
\cftbeforefigskip=\skip82
\cftfigindent=\skip83
\cftfignumwidth=\skip84
\c@lofdepth=\count197
\c@lotdepth=\count198
\cftbeforelottitleskip=\skip85
\cftafterlottitleskip=\skip86
\cftbeforetabskip=\skip87
\cfttabindent=\skip88
\cfttabnumwidth=\skip89
)
\lofskip=\skip90

(C:/Custom Program Files/LaTeX\TeX/LaTeX\lebaseline.sty
Package: lebaseline 2021/08/08 Provides easy to use commands for baseline comma
nds.
)
(F:\Program Files\MiKTeX 2.9\tex/latex/base\makeidx.sty
Package: makeidx 2021/10/04 v1.0m Standard LaTeX package
)
(C:\Users\Lance\AppData\Roaming\MiKTeX\2.9\tex/latex/tools\multicol.sty
Package: multicol 2021/10/28 v1.9b multicolumn formatting (FMi)
\c@tracingmulticols=\count199
\mult@box=\box50
\multicol@leftmargin=\dimen141
\c@unbalance=\count266
\c@collectmore=\count267
\doublecol@number=\count268
\multicoltolerance=\count269
\multicolpretolerance=\count270
\full@width=\dimen142
\page@free=\dimen143
\premulticols=\dimen144
\postmulticols=\dimen145
\multicolsep=\skip91
\multicolbaselineskip=\skip92
\partial@page=\box51
\last@line=\box52
\maxbalancingoverflow=\dimen146
\mult@rightbox=\box53
\mult@grightbox=\box54
\mult@firstbox=\box55
\mult@gfirstbox=\box56
\@tempa=\box57
\@tempa=\box58
\@tempa=\box59
\@tempa=\box60
\@tempa=\box61
\@tempa=\box62
\@tempa=\box63
\@tempa=\box64
\@tempa=\box65
\@tempa=\box66
\@tempa=\box67
\@tempa=\box68
\@tempa=\box69
\@tempa=\box70
\@tempa=\box71
\@tempa=\box72
\@tempa=\box73
\@tempa=\box74
\@tempa=\box75
\@tempa=\box76
\@tempa=\box77
\@tempa=\box78
\@tempa=\box79
\@tempa=\box80
\@tempa=\box81
\@tempa=\box82
\@tempa=\box83
\@tempa=\box84
\@tempa=\box85
\@tempa=\box86
\@tempa=\box87
\@tempa=\box88
\@tempa=\box89
\@tempa=\box90
\@tempa=\box91
\@tempa=\box92
\c@minrows=\count271
\c@columnbadness=\count272
\c@finalcolumnbadness=\count273
\last@try=\dimen147
\multicolovershoot=\dimen148
\multicolundershoot=\dimen149
\mult@nat@firstbox=\box93
\colbreak@box=\box94
\mc@col@check@num=\count274
))
(C:/Custom Program Files/LaTeX\TeX/LaTeX\leheadersandfooters.sty
Package: leheadersandfooters 2006/08/16 Provides sets of headers and footers.

(C:\Users\Lance\AppData\Roaming\MiKTeX\2.9\tex/latex/lastpage\lastpage.sty
Package: lastpage 2021/09/03 v1.2n Refers to last page's name (HMM; JPG)
)
(C:/Custom Program Files/LaTeX\TeX/LaTeX\lecontactinfo.sty
Package: lecontactinfo 2020/03/28 Provides name, address, email, phone, et cete
ra contact commands.
)))
(F:\Program Files\MiKTeX 2.9\tex/latex/hyperref\hyperref.sty
Package: hyperref 2021-06-07 v7.00m Hypertext links for LaTeX

(C:\Users\Lance\AppData\Roaming\MiKTeX\2.9\tex/generic/ltxcmds\ltxcmds.sty
Package: ltxcmds 2020-05-10 v1.25 LaTeX kernel commands for general use (HO)
)
(F:\Program Files\MiKTeX 2.9\tex/generic/iftex\iftex.sty
Package: iftex 2022/02/03 v1.0f TeX engine tests
)
(F:\Program Files\MiKTeX 2.9\tex/generic/pdftexcmds\pdftexcmds.sty
Package: pdftexcmds 2020-06-27 v0.33 Utility functions of pdfTeX for LuaTeX (HO
)

(C:\Users\Lance\AppData\Roaming\MiKTeX\2.9\tex/generic/infwarerr\infwarerr.sty
Package: infwarerr 2019/12/03 v1.5 Providing info/warning/error messages (HO)
)
Package pdftexcmds Info: \pdf@primitive is available.
Package pdftexcmds Info: \pdf@ifprimitive is available.
Package pdftexcmds Info: \pdfdraftmode is ignored in DVI mode.
)
(C:\Users\Lance\AppData\Roaming\MiKTeX\2.9\tex/generic/kvsetkeys\kvsetkeys.sty
Package: kvsetkeys 2019/12/15 v1.18 Key value parser (HO)
)
(C:\Users\Lance\AppData\Roaming\MiKTeX\2.9\tex/generic/kvdefinekeys\kvdefinekey
s.sty
Package: kvdefinekeys 2019-12-19 v1.6 Define keys (HO)
)
(C:\Users\Lance\AppData\Roaming\MiKTeX\2.9\tex/generic/pdfescape\pdfescape.sty
Package: pdfescape 2019/12/09 v1.15 Implements pdfTeX's escape features (HO)
) (C:\Users\Lance\AppData\Roaming\MiKTeX\2.9\tex/latex/hycolor\hycolor.sty
Package: hycolor 2020-01-27 v1.10 Color options for hyperref/bookmark (HO)
)
(C:\Users\Lance\AppData\Roaming\MiKTeX\2.9\tex/latex/letltxmacro\letltxmacro.st
y
Package: letltxmacro 2019/12/03 v1.6 Let assignment for LaTeX macros (HO)
) (C:\Users\Lance\AppData\Roaming\MiKTeX\2.9\tex/latex/auxhook\auxhook.sty
Package: auxhook 2019-12-17 v1.6 Hooks for auxiliary files (HO)
)
(C:\Users\Lance\AppData\Roaming\MiKTeX\2.9\tex/latex/kvoptions\kvoptions.sty
Package: kvoptions 2020-10-07 v3.14 Key value format for package options (HO)
)
\@linkdim=\dimen150
\Hy@linkcounter=\count275
\Hy@pagecounter=\count276

(F:\Program Files\MiKTeX 2.9\tex/latex/hyperref\pd1enc.def
File: pd1enc.def 2021-06-07 v7.00m Hyperref: PDFDocEncoding definition (HO)
Now handling font encoding PD1 ...
... no UTF-8 mapping file for font encoding PD1
)
(F:\Program Files\MiKTeX 2.9\tex/latex/hyperref\hyperref-langpatches.def
File: hyperref-langpatches.def 2021-06-07 v7.00m Hyperref: patches for babel la
nguages
)
(C:\Users\Lance\AppData\Roaming\MiKTeX\2.9\tex/generic/intcalc\intcalc.sty
Package: intcalc 2019/12/15 v1.3 Expandable calculations with integers (HO)
)
(C:\Users\Lance\AppData\Roaming\MiKTeX\2.9\tex/generic/etexcmds\etexcmds.sty
Package: etexcmds 2019/12/15 v1.7 Avoid name clashes with e-TeX commands (HO)
)
\Hy@SavedSpaceFactor=\count277

(F:\Program Files\MiKTeX 2.9\tex/latex/hyperref\puenc.def
File: puenc.def 2021-06-07 v7.00m Hyperref: PDF Unicode definition (HO)
Now handling font encoding PU ...
... no UTF-8 mapping file for font encoding PU
)
Package hyperref Info: Option `colorlinks' set `true' on input line 4073.


Package hyperref Warning: Option `pagecolor' is not available anymore.

Package hyperref Info: Option `linktocpage' set `true' on input line 4073.
Package hyperref Info: Hyper figures OFF on input line 4192.
Package hyperref Info: Link nesting OFF on input line 4197.
Package hyperref Info: Hyper index ON on input line 4200.
Package hyperref Info: Plain pages OFF on input line 4207.
Package hyperref Info: Backreferencing OFF on input line 4212.
Package hyperref Info: Implicit mode ON; LaTeX internals redefined.
Package hyperref Info: Bookmarks ON on input line 4445.
\c@Hy@tempcnt=\count278
(F:\Program Files\MiKTeX 2.9\tex/latex/url\url.sty
\Urlmuskip=\muskip16
Package: url 2013/09/16  ver 3.4  Verb mode for urls, etc.
)
LaTeX Info: Redefining \url on input line 4804.
\XeTeXLinkMargin=\dimen151

(C:\Users\Lance\AppData\Roaming\MiKTeX\2.9\tex/generic/bitset\bitset.sty
Package: bitset 2019/12/09 v1.3 Handle bit-vector datatype (HO)

(C:\Users\Lance\AppData\Roaming\MiKTeX\2.9\tex/generic/bigintcalc\bigintcalc.st
y
Package: bigintcalc 2019/12/15 v1.5 Expandable calculations on big integers (HO
)
))
\Fld@menulength=\count279
\Field@Width=\dimen152
\Fld@charsize=\dimen153
Package hyperref Info: Hyper figures OFF on input line 6076.
Package hyperref Info: Link nesting OFF on input line 6081.
Package hyperref Info: Hyper index ON on input line 6084.
Package hyperref Info: backreferencing OFF on input line 6091.
Package hyperref Info: Link coloring ON on input line 6094.
Package hyperref Info: Link coloring with OCG OFF on input line 6101.
Package hyperref Info: PDF/A mode OFF on input line 6106.
LaTeX Info: Redefining \ref on input line 6146.
LaTeX Info: Redefining \pageref on input line 6150.
 (F:\Program Files\MiKTeX 2.9\tex/latex/base\atbegshi-ltx.sty
Package: atbegshi-ltx 2021/01/10 v1.0c Emulation of the original atbegshi
package with kernel methods
)
\Hy@abspage=\count280
\c@Item=\count281
\c@Hfootnote=\count282
)
Package hyperref Info: Driver (default): hdvips.

(F:\Program Files\MiKTeX 2.9\tex/latex/hyperref\hdvips.def
File: hdvips.def 2021-06-07 v7.00m Hyperref driver for dvips

(F:\Program Files\MiKTeX 2.9\tex/latex/hyperref\pdfmark.def
File: pdfmark.def 2021-06-07 v7.00m Hyperref definitions for pdfmark specials
\pdf@docset=\toks17
\pdf@box=\box95
\pdf@toks=\toks18
\pdf@defaulttoks=\toks19
\HyField@AnnotCount=\count283
\Fld@listcount=\count284
\c@bookmark@seq@number=\count285

(C:\Users\Lance\AppData\Roaming\MiKTeX\2.9\tex/latex/rerunfilecheck\rerunfilech
eck.sty
Package: rerunfilecheck 2019/12/05 v1.9 Rerun checks for auxiliary files (HO)
 (F:\Program Files\MiKTeX 2.9\tex/latex/base\atveryend-ltx.sty
Package: atveryend-ltx 2020/08/19 v1.0a Emulation of the original atveryend pac
kage
with kernel methods
)
(C:\Users\Lance\AppData\Roaming\MiKTeX\2.9\tex/generic/uniquecounter\uniquecoun
ter.sty
Package: uniquecounter 2019/12/15 v1.4 Provide unlimited unique counter (HO)
)
Package uniquecounter Info: New unique counter `rerunfilecheck' on input line 2
86.
)
\Hy@SectionHShift=\skip93
)) (C:/Custom Program Files/LaTeX\TeX/LaTeX\lequestionandanswer.sty
Package: lequestionandanswer 2005/07/08 Question and Answer Package.

(F:\Program Files\MiKTeX 2.9\tex/latex/hyperref\nameref.sty
Package: nameref 2021-04-02 v2.47 Cross-referencing by name of section

(C:\Users\Lance\AppData\Roaming\MiKTeX\2.9\tex/latex/refcount\refcount.sty
Package: refcount 2019/12/15 v3.6 Data extraction from label references (HO)
)
(C:\Users\Lance\AppData\Roaming\MiKTeX\2.9\tex/generic/gettitlestring\gettitles
tring.sty
Package: gettitlestring 2019/12/15 v1.6 Cleanup title references (HO)
)
\c@section@level=\count286
)
\c@questionnumber=\count287
\qanumberspace=\skip94
\qalabelspace=\skip95
) (C:/Custom Program Files/LaTeX\TeX/LaTeX\lelists.sty
Package: lelists 2005/07/08 Custom Lists Package
\leftlistindent=\skip96
\rightlistindent=\skip97
\listlevelleftindent=\skip98
\listtopsep=\skip99
\c@listlevel=\count288
\c@thenumberedlist=\count289
\c@thecountdownlist=\count290
\c@outlinei=\count291
\c@outlineii=\count292
\c@outlineiii=\count293
\c@outlineiv=\count294
\c@outlinev=\count295
\c@outlinevi=\count296
\outlineindent=\skip100
\outlinelabelwidth=\skip101
\outlinemainitemparsep=\skip102
)
(C:/Custom Program Files/LaTeX\TeX/LaTeX\lesubscripts.sty
Package: lesubscripts 2005/07/18 Provides a Subscript and Superscript
)
(C:/Custom Program Files/LaTeX\TeX/LaTeX\legraphicextensions.sty
Package: legraphicextensions 2005/07/31 My graphic extension settings.

(F:\Program Files\MiKTeX 2.9\tex/generic/iftex\ifpdf.sty
Package: ifpdf 2019/10/25 v3.4 ifpdf legacy package. Use iftex instead.
)
(F:\Program Files\MiKTeX 2.9\tex/latex/graphics\graphicx.sty
Package: graphicx 2021/09/16 v1.2d Enhanced LaTeX Graphics (DPC,SPQR)

(F:\Program Files\MiKTeX 2.9\tex/latex/graphics\graphics.sty
Package: graphics 2021/03/04 v1.4d Standard LaTeX Graphics (DPC,SPQR)

(F:\Program Files\MiKTeX 2.9\tex/latex/graphics\trig.sty
Package: trig 2021/08/11 v1.11 sin cos tan (DPC)
)
(F:\Program Files\MiKTeX 2.9\tex/latex/graphics-cfg\graphics.cfg
File: graphics.cfg 2016/06/04 v1.11 sample graphics configuration
)
Package graphics Info: Driver file: dvips.def on input line 107.

(F:\Program Files\MiKTeX 2.9\tex/latex/graphics-def\dvips.def
File: dvips.def 2017/06/20 v3.1d Graphics/color driver for dvips
))
\Gin@req@height=\dimen154
\Gin@req@width=\dimen155
))
(C:\Users\Lance\AppData\Roaming\MiKTeX\2.9\tex/latex/psnfss\times.sty
Package: times 2020/03/25 PSNFSS-v9.3 (SPQR) 
)
LaTeX Font Info:    Trying to load font information for OT1+ptm on input line 2
9.

(C:\Users\Lance\AppData\Roaming\MiKTeX\2.9\tex/latex/psnfss\ot1ptm.fd
File: ot1ptm.fd 2001/06/04 font definitions for OT1/ptm.
)
(F:\Program Files\MiKTeX 2.9\tex/latex/l3backend\l3backend-dvips.def
File: l3backend-dvips.def 2022-02-07 L3 backend support: dvips
\l__pdf_internal_box=\box96
\g__pdf_backend_object_int=\count297
\l__pdf_backend_content_box=\box97
\l__pdf_backend_model_box=\box98
\g__pdf_backend_annotation_int=\count298
\g__pdf_backend_link_int=\count299
\g__pdf_backend_link_sf_int=\count300
)
(SCUBA Training.aux)
\openout1 = `"SCUBA Training.aux"'.

LaTeX Font Info:    Checking defaults for OML/cmm/m/it on input line 29.
LaTeX Font Info:    ... okay on input line 29.
LaTeX Font Info:    Checking defaults for OMS/cmsy/m/n on input line 29.
LaTeX Font Info:    ... okay on input line 29.
LaTeX Font Info:    Checking defaults for OT1/cmr/m/n on input line 29.
LaTeX Font Info:    ... okay on input line 29.
LaTeX Font Info:    Checking defaults for T1/cmr/m/n on input line 29.
LaTeX Font Info:    ... okay on input line 29.
LaTeX Font Info:    Checking defaults for TS1/cmr/m/n on input line 29.
LaTeX Font Info:    ... okay on input line 29.
LaTeX Font Info:    Checking defaults for OMX/cmex/m/n on input line 29.
LaTeX Font Info:    ... okay on input line 29.
LaTeX Font Info:    Checking defaults for U/cmr/m/n on input line 29.
LaTeX Font Info:    ... okay on input line 29.
LaTeX Font Info:    Checking defaults for PD1/pdf/m/n on input line 29.
LaTeX Font Info:    ... okay on input line 29.
LaTeX Font Info:    Checking defaults for PU/pdf/m/n on input line 29.
LaTeX Font Info:    ... okay on input line 29.
Package lastpage Info: Please have a look at the pageslts package at
(lastpage)             https://www.ctan.org/pkg/pageslts
(lastpage)             ! on input line 29.
 (F:\Program Files\MiKTeX 2.9\tex/latex/graphics\color.sty
Package: color 2021/12/07 v1.3c Standard LaTeX Color (DPC)

(F:\Program Files\MiKTeX 2.9\tex/latex/graphics-cfg\color.cfg
File: color.cfg 2016/01/02 v1.6 sample color configuration
)
Package color Info: Driver file: dvips.def on input line 149.

(F:\Program Files\MiKTeX 2.9\tex/latex/graphics\dvipsnam.def
File: dvipsnam.def 2016/06/17 v3.0m Driver-dependent file (DPC,SPQR)
))
Package hyperref Info: Link coloring ON on input line 29.
LaTeX Info: Redefining \ref on input line 29.
LaTeX Info: Redefining \pageref on input line 29.
LaTeX Info: Redefining \nameref on input line 29.

(SCUBA Training.out) (SCUBA Training.out)
\@outlinefile=\write3
\openout3 = `"SCUBA Training.out"'.

 [1


] (SCUBA Training - Unit I.tex
LaTeX Font Info:    External font `cmex10' loaded for size
(Font)              <12> on input line 12.
LaTeX Font Info:    External font `cmex10' loaded for size
(Font)              <8> on input line 12.
LaTeX Font Info:    External font `cmex10' loaded for size
(Font)              <6> on input line 12.

Overfull \hbox (4.56006pt too wide) has occurred while \output is active
 $[]$ 
 []

[1

]
Overfull \hbox (4.56006pt too wide) has occurred while \output is active
 $[]$ 
 []

[2]
Overfull \hbox (4.56006pt too wide) has occurred while \output is active
 $[]$ 
 []

[3]
Overfull \hbox (4.56006pt too wide) has occurred while \output is active
 $[]$ 
 []

[4]
Overfull \hbox (4.56006pt too wide) has occurred while \output is active
 $[]$ 
 []

[5]
Overfull \hbox (4.56006pt too wide) has occurred while \output is active
 $[]$ 
 []

[6]) (SCUBA Training - Unit II.tex
Overfull \hbox (4.56006pt too wide) has occurred while \output is active
 $[]$ 
 []

[7]
Overfull \hbox (4.56006pt too wide) has occurred while \output is active
 $[]$ 
 []

[8

]
Overfull \hbox (4.56006pt too wide) has occurred while \output is active
 $[]$ 
 []

[9]
Overfull \hbox (4.56006pt too wide) has occurred while \output is active
 $[]$ 
 []

[10]
Overfull \hbox (4.56006pt too wide) has occurred while \output is active
 $[]$ 
 []

[11]
File: Figures//hand-signals-1.eps Graphic file (type eps)
 <Figures//hand-signals-1.eps>
Overfull \hbox (7.22911pt too wide) in paragraph at lines 368--369
 [][][]
 []

File: Figures//hand-signals-2.eps Graphic file (type eps)
<Figures//hand-signals-2.eps>
Overfull \hbox (7.22911pt too wide) in paragraph at lines 372--373
[][][]  
 []


Overfull \hbox (4.56006pt too wide) has occurred while \output is active
 $[]$ 
 []

[12]
Overfull \hbox (4.56006pt too wide) has occurred while \output is active
 $[]$ 
 []

[13]
Underfull \hbox (badness 2781) in paragraph at lines 415--415
[][]\OT1/ptm/m/n/12 Use the phrase \OT1/ptm/b/n/12 Be-gin With Re-view And Frie
nd \OT1/ptm/m/n/12 to help you re-mem-ber the
 []

) (SCUBA Training - Unit III.tex
Overfull \hbox (4.56006pt too wide) has occurred while \output is active
 $[]$ 
 []

[14]
Overfull \hbox (4.56006pt too wide) has occurred while \output is active
 $[]$ 
 []

[15

]
Overfull \hbox (4.56006pt too wide) has occurred while \output is active
 $[]$ 
 []

[16]
Overfull \hbox (4.56006pt too wide) has occurred while \output is active
 $[]$ 
 []

[17]
Overfull \hbox (4.56006pt too wide) has occurred while \output is active
 $[]$ 
 []

[18]
Overfull \hbox (4.56006pt too wide) has occurred while \output is active
 $[]$ 
 []

[19]
Overfull \hbox (4.56006pt too wide) has occurred while \output is active
 $[]$ 
 []

[20]
Overfull \hbox (4.56006pt too wide) has occurred while \output is active
 $[]$ 
 []

[21]
Overfull \hbox (4.56006pt too wide) has occurred while \output is active
 $[]$ 
 []

[22]) (SCUBA Training - Unit IV.tex
Overfull \hbox (4.56006pt too wide) has occurred while \output is active
 $[]$ 
 []

[23]
Overfull \hbox (4.56006pt too wide) has occurred while \output is active
 $[]$ 
 []

[24

]
Overfull \hbox (4.56006pt too wide) has occurred while \output is active
 $[]$ 
 []

[25]
Overfull \hbox (4.56006pt too wide) has occurred while \output is active
 $[]$ 
 []

[26]
Overfull \hbox (4.56006pt too wide) has occurred while \output is active
 $[]$ 
 []

[27]
Overfull \hbox (4.56006pt too wide) has occurred while \output is active
 $[]$ 
 []

[28]
Overfull \hbox (4.56006pt too wide) has occurred while \output is active
 $[]$ 
 []

[29]
Overfull \hbox (4.56006pt too wide) has occurred while \output is active
 $[]$ 
 []

[30]) (SCUBA Training - Unit V.tex
Overfull \hbox (4.56006pt too wide) has occurred while \output is active
 $[]$ 
 []

[31]
Overfull \hbox (4.56006pt too wide) has occurred while \output is active
 $[]$ 
 []

[32

]
Overfull \hbox (4.56006pt too wide) has occurred while \output is active
 $[]$ 
 []

[33]) 
AED: lastpage setting LastPage

Overfull \hbox (4.56006pt too wide) has occurred while \output is active
 $[]$ 
 []

[34] (SCUBA Training.aux)
Package rerunfilecheck Info: File `"SCUBA Training".out' has not changed.
(rerunfilecheck)             Checksum: D41D8CD98F00B204E9800998ECF8427E;0.
 ) 
Here is how much of TeX's memory you used:
 9274 strings out of 478585
 156358 string characters out of 2852315
 457985 words of memory out of 3000000
 27293 multiletter control sequences out of 15000+600000
 476140 words of font info for 45 fonts, out of 8000000 for 9000
 1141 hyphenation exceptions out of 8191
 85i,8n,90p,658b,443s stack positions out of 5000i,500n,10000p,200000b,80000s

Output written on "SCUBA Training.dvi" (35 pages, 207316 bytes).
